<?xml version="1.0" encoding="UTF-8"?>
<!-- Generated by org.testng.reporters.JUnitReportReporter -->
<testsuite skipped="0" hostname="74ff01a5acfb" name="com.newtours.tests.BookFlightTest" tests="10" failures="0" timestamp="20 Nov 2019 21:41:46 GMT" time="19.620" errors="0">
  <testcase name="flightDetailsPage" time="1.346" classname="com.newtours.tests.BookFlightTest"/>
  <testcase name="registrationPageTest" time="3.501" classname="com.newtours.tests.BookFlightTest"/>
  <testcase name="registrationConfirmationPage" time="0.897" classname="com.newtours.tests.BookFlightTest"/>
  <testcase name="registrationConfirmationPage" time="1.175" classname="com.newtours.tests.BookFlightTest"/>
  <testcase name="flightDetailsPage" time="1.164" classname="com.newtours.tests.BookFlightTest"/>
  <testcase name="flightConfirmationPage" time="1.404" classname="com.newtours.tests.BookFlightTest"/>
  <testcase name="registrationPageTest" time="3.824" classname="com.newtours.tests.BookFlightTest"/>
  <testcase name="findFlightsPage" time="2.588" classname="com.newtours.tests.BookFlightTest"/>
  <testcase name="flightConfirmationPage" time="1.419" classname="com.newtours.tests.BookFlightTest"/>
  <testcase name="findFlightsPage" time="2.302" classname="com.newtours.tests.BookFlightTest"/>
</testsuite> <!-- com.newtours.tests.BookFlightTest -->
